<component name="libraryTable">
  <library name="junit-4.12">
    <CLASSES>
      <root url="jar://$MAVEN_REPOSITORY$/junit/junit/4.1.2/junit-4.12.jar!/" />
      <root url="jar://$MAVEN_REPOSITORY$/junit/junit/4.1.2/hamcrest-core-1.3.jar!/" />
    </CLASSES>
    <JAVADOC />
    <SOURCES />
  </library>
</component>